console.ts:139 [Extension Host] [2025-11-23 13:19:24:861] [Atlassian] Retrieving auth info for product: jira credentialID: a15147f75cbf9f5429fd3b2e7908a9ae [] (at console.<anonymous> (file:///c:/Users/pchandle/AppData/Local/Programs/Microsoft%20VS%20Code/resources/app/out/vs/workbench/api/node/extensionHostProcess.js:212:29517))
console.ts:139 [Extension Host] [2025-11-23 13:19:24:862] [Atlassian] Clearing notifications for uri file:///Please%20login%20to%20Jira [] (at console.<anonymous> (file:///c:/Users/pchandle/AppData/Local/Programs/Microsoft%20VS%20Code/resources/app/out/vs/workbench/api/node/extensionHostProcess.js:212:29517))
console.ts:139 [Extension Host] [2025-11-23 13:19:24:863] [Atlassian] No notifications for delegate [object Object] [] (at console.<anonymous> (file:///c:/Users/pchandle/AppData/Local/Programs/Microsoft%20VS%20Code/resources/app/out/vs/workbench/api/node/extensionHostProcess.js:212:29517))
console.ts:139 [Extension Host] [2025-11-23 13:19:24:865] [Atlassian] No notifications for delegate [object Object] [] (at console.<anonymous> (file:///c:/Users/pchandle/AppData/Local/Programs/Microsoft%20VS%20Code/resources/app/out/vs/workbench/api/node/extensionHostProcess.js:212:29517))
console.ts:139 [Extension Host] [2025-11-23 13:19:24:866] [Atlassian] Retrieving auth info for product: jira credentialID: a15147f75cbf9f5429fd3b2e7908a9ae [] (at console.<anonymous> (file:///c:/Users/pchandle/AppData/Local/Programs/Microsoft%20VS%20Code/resources/app/out/vs/workbench/api/node/extensionHostProcess.js:212:29517))
console.ts:139 [Extension Host] [2025-11-23 13:19:24:869] [Atlassian] 2836 seconds remaining for auth token. [] (at console.<anonymous> (file:///c:/Users/pchandle/AppData/Local/Programs/Microsoft%20VS%20Code/resources/app/out/vs/workbench/api/node/extensionHostProcess.js:212:29517))
console.ts:139 [Extension Host] [2025-11-23 13:19:24:870] [Atlassian] 2836 seconds remaining for auth token. [] (at console.<anonymous> (file:///c:/Users/pchandle/AppData/Local/Programs/Microsoft%20VS%20Code/resources/app/out/vs/workbench/api/node/extensionHostProcess.js:212:29517))
console.ts:139 [Extension Host] [2025-11-23 13:19:24:872] [Atlassian] Not enough time has elapsed since last notification check [] (at console.<anonymous> (file:///c:/Users/pchandle/AppData/Local/Programs/Microsoft%20VS%20Code/resources/app/out/vs/workbench/api/node/extensionHostProcess.js:212:29517))
main.js:39589 The "enumNames" property in the schema is deprecated and will be removed in a future major release. Use the "ui:enumNames" property in the uiSchema instead.
optionsList @ main.js:39589
ensureFormDataMatchingSchema @ main.js:39770
computeDefaults @ main.js:39759
(anonymous) @ main.js:39791
getObjectDefaults @ main.js:39786
getDefaultBasedOnSchemaType @ main.js:39911
computeDefaults @ main.js:39754
getDefaultFormState @ main.js:39923
getDefaultFormState @ main.js:40250
_getNewFormDataRow @ main.js:41369
_handleAddClick @ main.js:41398
onAddClick @ main.js:41418
callCallback2 @ main.js:5580
invokeGuardedCallbackDev @ main.js:5605
invokeGuardedCallback @ main.js:5639
invokeGuardedCallbackAndCatchFirstError @ main.js:5642
executeDispatch @ main.js:8922
processDispatchQueueItemsInOrder @ main.js:8942
processDispatchQueue @ main.js:8951
dispatchEventsForPlugins @ main.js:8959
(anonymous) @ main.js:9083
batchedUpdates$1 @ main.js:20847
batchedUpdates @ main.js:5485
dispatchEventForPluginEventSystem @ main.js:9082
dispatchEventWithEnableCapturePhaseSelectiveHydrationWithoutDiscreteEventReplay @ main.js:7384
dispatchEvent @ main.js:7378
dispatchDiscreteEvent @ main.js:7355
main.js:39589 The "enumNames" property in the schema is deprecated and will be removed in a future major release. Use the "ui:enumNames" property in the uiSchema instead.
optionsList @ main.js:39589
ensureFormDataMatchingSchema @ main.js:39770
computeDefaults @ main.js:39759
(anonymous) @ main.js:39791
getObjectDefaults @ main.js:39786
getDefaultBasedOnSchemaType @ main.js:39911
computeDefaults @ main.js:39754
(anonymous) @ main.js:39866
getArrayDefaults @ main.js:39865
getDefaultBasedOnSchemaType @ main.js:39914
computeDefaults @ main.js:39754
(anonymous) @ main.js:39791
getObjectDefaults @ main.js:39786
getDefaultBasedOnSchemaType @ main.js:39911
computeDefaults @ main.js:39754
getDefaultFormState @ main.js:39923
getDefaultFormState @ main.js:40250
getStateFromProps @ main.js:43694
onChange @ main.js:43911
(anonymous) @ main.js:42739
(anonymous) @ main.js:42513
(anonymous) @ main.js:42739
(anonymous) @ main.js:41409
callCallback @ main.js:13174
commitUpdateQueue @ main.js:13191
commitLayoutEffectOnFiber @ main.js:19003
commitLayoutMountEffects_complete @ main.js:19914
commitLayoutEffects_begin @ main.js:19903
commitLayoutEffects @ main.js:19854
commitRootImpl @ main.js:21287
commitRoot @ main.js:21211
performSyncWorkOnRoot @ main.js:20829
flushSyncCallbacks @ main.js:11041
(anonymous) @ main.js:20561
main.js:39589 The "enumNames" property in the schema is deprecated and will be removed in a future major release. Use the "ui:enumNames" property in the uiSchema instead.
optionsList @ main.js:39589
ensureFormDataMatchingSchema @ main.js:39770
computeDefaults @ main.js:39759
(anonymous) @ main.js:39791
getObjectDefaults @ main.js:39786
getDefaultBasedOnSchemaType @ main.js:39911
computeDefaults @ main.js:39754
(anonymous) @ main.js:39866
getArrayDefaults @ main.js:39865
getDefaultBasedOnSchemaType @ main.js:39914
computeDefaults @ main.js:39754
(anonymous) @ main.js:39791
getObjectDefaults @ main.js:39786
getDefaultBasedOnSchemaType @ main.js:39911
computeDefaults @ main.js:39754
getDefaultFormState @ main.js:39923
getDefaultFormState @ main.js:40250
getStateFromProps @ main.js:43694
onChange @ main.js:43911
(anonymous) @ main.js:42739
(anonymous) @ main.js:42513
(anonymous) @ main.js:42739
(anonymous) @ main.js:41409
callCallback @ main.js:13174
commitUpdateQueue @ main.js:13191
commitLayoutEffectOnFiber @ main.js:19003
commitLayoutMountEffects_complete @ main.js:19914
commitLayoutEffects_begin @ main.js:19903
commitLayoutEffects @ main.js:19854
commitRootImpl @ main.js:21287
commitRoot @ main.js:21211
performSyncWorkOnRoot @ main.js:20829
flushSyncCallbacks @ main.js:11041
(anonymous) @ main.js:20561
main.js:39589 The "enumNames" property in the schema is deprecated and will be removed in a future major release. Use the "ui:enumNames" property in the uiSchema instead.
optionsList @ main.js:39589
ensureFormDataMatchingSchema @ main.js:39770
computeDefaults @ main.js:39759
(anonymous) @ main.js:39791
getObjectDefaults @ main.js:39786
getDefaultBasedOnSchemaType @ main.js:39911
computeDefaults @ main.js:39754
(anonymous) @ main.js:39866
getArrayDefaults @ main.js:39865
getDefaultBasedOnSchemaType @ main.js:39914
computeDefaults @ main.js:39754
(anonymous) @ main.js:39791
getObjectDefaults @ main.js:39786
getDefaultBasedOnSchemaType @ main.js:39911
computeDefaults @ main.js:39754
getDefaultFormState @ main.js:39923
getDefaultFormState @ main.js:40250
getStateFromProps @ main.js:43694
onChange @ main.js:43911
(anonymous) @ main.js:42739
(anonymous) @ main.js:42513
(anonymous) @ main.js:42739
(anonymous) @ main.js:41409
callCallback @ main.js:13174
commitUpdateQueue @ main.js:13191
commitLayoutEffectOnFiber @ main.js:19003
commitLayoutMountEffects_complete @ main.js:19914
commitLayoutEffects_begin @ main.js:19903
commitLayoutEffects @ main.js:19854
commitRootImpl @ main.js:21287
commitRoot @ main.js:21211
performSyncWorkOnRoot @ main.js:20829
flushSyncCallbacks @ main.js:11041
(anonymous) @ main.js:20561
main.js:39589 The "enumNames" property in the schema is deprecated and will be removed in a future major release. Use the "ui:enumNames" property in the uiSchema instead.
optionsList @ main.js:39589
ensureFormDataMatchingSchema @ main.js:39770
computeDefaults @ main.js:39759
(anonymous) @ main.js:39791
getObjectDefaults @ main.js:39786
getDefaultBasedOnSchemaType @ main.js:39911
computeDefaults @ main.js:39754
(anonymous) @ main.js:39866
getArrayDefaults @ main.js:39865
getDefaultBasedOnSchemaType @ main.js:39914
computeDefaults @ main.js:39754
(anonymous) @ main.js:39791
getObjectDefaults @ main.js:39786
getDefaultBasedOnSchemaType @ main.js:39911
computeDefaults @ main.js:39754
getDefaultFormState @ main.js:39923
getDefaultFormState @ main.js:40250
getStateFromProps @ main.js:43694
onChange @ main.js:43911
(anonymous) @ main.js:42739
(anonymous) @ main.js:42513
(anonymous) @ main.js:42739
(anonymous) @ main.js:41409
callCallback @ main.js:13174
commitUpdateQueue @ main.js:13191
commitLayoutEffectOnFiber @ main.js:19003
commitLayoutMountEffects_complete @ main.js:19914
commitLayoutEffects_begin @ main.js:19903
commitLayoutEffects @ main.js:19854
commitRootImpl @ main.js:21287
commitRoot @ main.js:21211
performSyncWorkOnRoot @ main.js:20829
flushSyncCallbacks @ main.js:11041
(anonymous) @ main.js:20561
main.js:39589 The "enumNames" property in the schema is deprecated and will be removed in a future major release. Use the "ui:enumNames" property in the uiSchema instead.
optionsList @ main.js:39589
ensureFormDataMatchingSchema @ main.js:39770
computeDefaults @ main.js:39759
(anonymous) @ main.js:39791
getObjectDefaults @ main.js:39786
getDefaultBasedOnSchemaType @ main.js:39911
computeDefaults @ main.js:39754
(anonymous) @ main.js:39866
getArrayDefaults @ main.js:39865
getDefaultBasedOnSchemaType @ main.js:39914
computeDefaults @ main.js:39754
(anonymous) @ main.js:39791
getObjectDefaults @ main.js:39786
getDefaultBasedOnSchemaType @ main.js:39911
computeDefaults @ main.js:39754
getDefaultFormState @ main.js:39923
getDefaultFormState @ main.js:40250
getStateFromProps @ main.js:43694
onChange @ main.js:43911
(anonymous) @ main.js:42739
(anonymous) @ main.js:42513
(anonymous) @ main.js:42739
(anonymous) @ main.js:41409
callCallback @ main.js:13174
commitUpdateQueue @ main.js:13191
commitLayoutEffectOnFiber @ main.js:19003
commitLayoutMountEffects_complete @ main.js:19914
commitLayoutEffects_begin @ main.js:19903
commitLayoutEffects @ main.js:19854
commitRootImpl @ main.js:21287
commitRoot @ main.js:21211
performSyncWorkOnRoot @ main.js:20829
flushSyncCallbacks @ main.js:11041
(anonymous) @ main.js:20561
main.js:39589 The "enumNames" property in the schema is deprecated and will be removed in a future major release. Use the "ui:enumNames" property in the uiSchema instead.
optionsList @ main.js:39589
ensureFormDataMatchingSchema @ main.js:39770
computeDefaults @ main.js:39759
(anonymous) @ main.js:39791
getObjectDefaults @ main.js:39786
getDefaultBasedOnSchemaType @ main.js:39911
computeDefaults @ main.js:39754
(anonymous) @ main.js:39866
getArrayDefaults @ main.js:39865
getDefaultBasedOnSchemaType @ main.js:39914
computeDefaults @ main.js:39754
(anonymous) @ main.js:39791
getObjectDefaults @ main.js:39786
getDefaultBasedOnSchemaType @ main.js:39911
computeDefaults @ main.js:39754
getDefaultFormState @ main.js:39923
getDefaultFormState @ main.js:40250
getStateFromProps @ main.js:43694
onChange @ main.js:43911
(anonymous) @ main.js:42739
(anonymous) @ main.js:42513
(anonymous) @ main.js:42739
(anonymous) @ main.js:41409
callCallback @ main.js:13174
commitUpdateQueue @ main.js:13191
commitLayoutEffectOnFiber @ main.js:19003
commitLayoutMountEffects_complete @ main.js:19914
commitLayoutEffects_begin @ main.js:19903
commitLayoutEffects @ main.js:19854
commitRootImpl @ main.js:21287
commitRoot @ main.js:21211
performSyncWorkOnRoot @ main.js:20829
flushSyncCallbacks @ main.js:11041
(anonymous) @ main.js:20561
main.js:39589 The "enumNames" property in the schema is deprecated and will be removed in a future major release. Use the "ui:enumNames" property in the uiSchema instead.
optionsList @ main.js:39589
ensureFormDataMatchingSchema @ main.js:39770
computeDefaults @ main.js:39759
(anonymous) @ main.js:39791
getObjectDefaults @ main.js:39786
getDefaultBasedOnSchemaType @ main.js:39911
computeDefaults @ main.js:39754
(anonymous) @ main.js:39866
getArrayDefaults @ main.js:39865
getDefaultBasedOnSchemaType @ main.js:39914
computeDefaults @ main.js:39754
(anonymous) @ main.js:39791
getObjectDefaults @ main.js:39786
getDefaultBasedOnSchemaType @ main.js:39911
computeDefaults @ main.js:39754
getDefaultFormState @ main.js:39923
getDefaultFormState @ main.js:40250
getStateFromProps @ main.js:43694
getSnapshotBeforeUpdate @ main.js:43630
commitBeforeMutationEffectsOnFiber @ main.js:18748
commitBeforeMutationEffects_complete @ main.js:18708
commitBeforeMutationEffects_begin @ main.js:18699
commitBeforeMutationEffects @ main.js:18685
commitRootImpl @ main.js:21277
commitRoot @ main.js:21211
performSyncWorkOnRoot @ main.js:20829
flushSyncCallbacks @ main.js:11041
(anonymous) @ main.js:20561
main.js:39589 The "enumNames" property in the schema is deprecated and will be removed in a future major release. Use the "ui:enumNames" property in the uiSchema instead.
optionsList @ main.js:39589
ensureFormDataMatchingSchema @ main.js:39770
computeDefaults @ main.js:39759
(anonymous) @ main.js:39791
getObjectDefaults @ main.js:39786
getDefaultBasedOnSchemaType @ main.js:39911
computeDefaults @ main.js:39754
(anonymous) @ main.js:39866
getArrayDefaults @ main.js:39865
getDefaultBasedOnSchemaType @ main.js:39914
computeDefaults @ main.js:39754
(anonymous) @ main.js:39791
getObjectDefaults @ main.js:39786
getDefaultBasedOnSchemaType @ main.js:39911
computeDefaults @ main.js:39754
getDefaultFormState @ main.js:39923
getDefaultFormState @ main.js:40250
getStateFromProps @ main.js:43694
getSnapshotBeforeUpdate @ main.js:43630
commitBeforeMutationEffectsOnFiber @ main.js:18748
commitBeforeMutationEffects_complete @ main.js:18708
commitBeforeMutationEffects_begin @ main.js:18699
commitBeforeMutationEffects @ main.js:18685
commitRootImpl @ main.js:21277
commitRoot @ main.js:21211
performSyncWorkOnRoot @ main.js:20829
flushSyncCallbacks @ main.js:11041
(anonymous) @ main.js:20561
main.js:39589 The "enumNames" property in the schema is deprecated and will be removed in a future major release. Use the "ui:enumNames" property in the uiSchema instead.
optionsList @ main.js:39589
ensureFormDataMatchingSchema @ main.js:39770
computeDefaults @ main.js:39759
(anonymous) @ main.js:39791
getObjectDefaults @ main.js:39786
getDefaultBasedOnSchemaType @ main.js:39911
computeDefaults @ main.js:39754
(anonymous) @ main.js:39866
getArrayDefaults @ main.js:39865
getDefaultBasedOnSchemaType @ main.js:39914
computeDefaults @ main.js:39754
(anonymous) @ main.js:39791
getObjectDefaults @ main.js:39786
getDefaultBasedOnSchemaType @ main.js:39911
computeDefaults @ main.js:39754
getDefaultFormState @ main.js:39923
getDefaultFormState @ main.js:40250
getStateFromProps @ main.js:43694
getSnapshotBeforeUpdate @ main.js:43630
commitBeforeMutationEffectsOnFiber @ main.js:18748
commitBeforeMutationEffects_complete @ main.js:18708
commitBeforeMutationEffects_begin @ main.js:18699
commitBeforeMutationEffects @ main.js:18685
commitRootImpl @ main.js:21277
commitRoot @ main.js:21211
performSyncWorkOnRoot @ main.js:20829
flushSyncCallbacks @ main.js:11041
(anonymous) @ main.js:20561
main.js:39589 The "enumNames" property in the schema is deprecated and will be removed in a future major release. Use the "ui:enumNames" property in the uiSchema instead.
optionsList @ main.js:39589
ensureFormDataMatchingSchema @ main.js:39770
computeDefaults @ main.js:39759
(anonymous) @ main.js:39791
getObjectDefaults @ main.js:39786
getDefaultBasedOnSchemaType @ main.js:39911
computeDefaults @ main.js:39754
(anonymous) @ main.js:39866
getArrayDefaults @ main.js:39865
getDefaultBasedOnSchemaType @ main.js:39914
computeDefaults @ main.js:39754
(anonymous) @ main.js:39791
getObjectDefaults @ main.js:39786
getDefaultBasedOnSchemaType @ main.js:39911
computeDefaults @ main.js:39754
getDefaultFormState @ main.js:39923
getDefaultFormState @ main.js:40250
getStateFromProps @ main.js:43694
getSnapshotBeforeUpdate @ main.js:43630
commitBeforeMutationEffectsOnFiber @ main.js:18748
commitBeforeMutationEffects_complete @ main.js:18708
commitBeforeMutationEffects_begin @ main.js:18699
commitBeforeMutationEffects @ main.js:18685
commitRootImpl @ main.js:21277
commitRoot @ main.js:21211
performSyncWorkOnRoot @ main.js:20829
flushSyncCallbacks @ main.js:11041
(anonymous) @ main.js:20561
main.js:39589 The "enumNames" property in the schema is deprecated and will be removed in a future major release. Use the "ui:enumNames" property in the uiSchema instead.
optionsList @ main.js:39589
ensureFormDataMatchingSchema @ main.js:39770
computeDefaults @ main.js:39759
(anonymous) @ main.js:39791
getObjectDefaults @ main.js:39786
getDefaultBasedOnSchemaType @ main.js:39911
computeDefaults @ main.js:39754
(anonymous) @ main.js:39866
getArrayDefaults @ main.js:39865
getDefaultBasedOnSchemaType @ main.js:39914
computeDefaults @ main.js:39754
(anonymous) @ main.js:39791
getObjectDefaults @ main.js:39786
getDefaultBasedOnSchemaType @ main.js:39911
computeDefaults @ main.js:39754
getDefaultFormState @ main.js:39923
getDefaultFormState @ main.js:40250
getStateFromProps @ main.js:43694
getSnapshotBeforeUpdate @ main.js:43630
commitBeforeMutationEffectsOnFiber @ main.js:18748
commitBeforeMutationEffects_complete @ main.js:18708
commitBeforeMutationEffects_begin @ main.js:18699
commitBeforeMutationEffects @ main.js:18685
commitRootImpl @ main.js:21277
commitRoot @ main.js:21211
performSyncWorkOnRoot @ main.js:20829
flushSyncCallbacks @ main.js:11041
(anonymous) @ main.js:20561
main.js:39589 The "enumNames" property in the schema is deprecated and will be removed in a future major release. Use the "ui:enumNames" property in the uiSchema instead.
optionsList @ main.js:39589
ensureFormDataMatchingSchema @ main.js:39770
computeDefaults @ main.js:39759
(anonymous) @ main.js:39791
getObjectDefaults @ main.js:39786
getDefaultBasedOnSchemaType @ main.js:39911
computeDefaults @ main.js:39754
(anonymous) @ main.js:39866
getArrayDefaults @ main.js:39865
getDefaultBasedOnSchemaType @ main.js:39914
computeDefaults @ main.js:39754
(anonymous) @ main.js:39791
getObjectDefaults @ main.js:39786
getDefaultBasedOnSchemaType @ main.js:39911
computeDefaults @ main.js:39754
getDefaultFormState @ main.js:39923
getDefaultFormState @ main.js:40250
getStateFromProps @ main.js:43694
getSnapshotBeforeUpdate @ main.js:43630
commitBeforeMutationEffectsOnFiber @ main.js:18748
commitBeforeMutationEffects_complete @ main.js:18708
commitBeforeMutationEffects_begin @ main.js:18699
commitBeforeMutationEffects @ main.js:18685
commitRootImpl @ main.js:21277
commitRoot @ main.js:21211
performSyncWorkOnRoot @ main.js:20829
flushSyncCallbacks @ main.js:11041
(anonymous) @ main.js:20561
main.js:39589 The "enumNames" property in the schema is deprecated and will be removed in a future major release. Use the "ui:enumNames" property in the uiSchema instead.
optionsList @ main.js:39589
StringField @ main.js:42830
renderWithHooks @ main.js:13474
mountIndeterminateComponent @ main.js:16852
beginWork @ main.js:17840
beginWork$1 @ main.js:21687
performUnitOfWork @ main.js:21135
workLoopSync @ main.js:21071
renderRootSync @ main.js:21050
performConcurrentWorkOnRoot @ main.js:20612
workLoop @ main.js:2103
flushWork @ main.js:2082
performWorkUntilDeadline @ main.js:2290
main.js:39589 The "enumNames" property in the schema is deprecated and will be removed in a future major release. Use the "ui:enumNames" property in the uiSchema instead.
optionsList @ main.js:39589
ensureFormDataMatchingSchema @ main.js:39770
computeDefaults @ main.js:39759
(anonymous) @ main.js:39791
getObjectDefaults @ main.js:39786
getDefaultBasedOnSchemaType @ main.js:39911
computeDefaults @ main.js:39754
(anonymous) @ main.js:39866
getArrayDefaults @ main.js:39865
getDefaultBasedOnSchemaType @ main.js:39914
computeDefaults @ main.js:39754
(anonymous) @ main.js:39791
getObjectDefaults @ main.js:39786
getDefaultBasedOnSchemaType @ main.js:39911
computeDefaults @ main.js:39754
getDefaultFormState @ main.js:39923
getDefaultFormState @ main.js:40250
getStateFromProps @ main.js:43694
getSnapshotBeforeUpdate @ main.js:43630
commitBeforeMutationEffectsOnFiber @ main.js:18748
commitBeforeMutationEffects_complete @ main.js:18708
commitBeforeMutationEffects_begin @ main.js:18699
commitBeforeMutationEffects @ main.js:18685
commitRootImpl @ main.js:21277
commitRoot @ main.js:21211
finishConcurrentRender @ main.js:20739
performConcurrentWorkOnRoot @ main.js:20652
workLoop @ main.js:2103
flushWork @ main.js:2082
performWorkUntilDeadline @ main.js:2290
main.js:39589 The "enumNames" property in the schema is deprecated and will be removed in a future major release. Use the "ui:enumNames" property in the uiSchema instead.
optionsList @ main.js:39589
ensureFormDataMatchingSchema @ main.js:39770
computeDefaults @ main.js:39759
(anonymous) @ main.js:39791
getObjectDefaults @ main.js:39786
getDefaultBasedOnSchemaType @ main.js:39911
computeDefaults @ main.js:39754
(anonymous) @ main.js:39866
getArrayDefaults @ main.js:39865
getDefaultBasedOnSchemaType @ main.js:39914
computeDefaults @ main.js:39754
(anonymous) @ main.js:39791
getObjectDefaults @ main.js:39786
getDefaultBasedOnSchemaType @ main.js:39911
computeDefaults @ main.js:39754
getDefaultFormState @ main.js:39923
getDefaultFormState @ main.js:40250
getStateFromProps @ main.js:43694
getSnapshotBeforeUpdate @ main.js:43630
commitBeforeMutationEffectsOnFiber @ main.js:18748
commitBeforeMutationEffects_complete @ main.js:18708
commitBeforeMutationEffects_begin @ main.js:18699
commitBeforeMutationEffects @ main.js:18685
commitRootImpl @ main.js:21277
commitRoot @ main.js:21211
finishConcurrentRender @ main.js:20739
performConcurrentWorkOnRoot @ main.js:20652
workLoop @ main.js:2103
flushWork @ main.js:2082
performWorkUntilDeadline @ main.js:2290
main.js:39589 The "enumNames" property in the schema is deprecated and will be removed in a future major release. Use the "ui:enumNames" property in the uiSchema instead.
optionsList @ main.js:39589
ensureFormDataMatchingSchema @ main.js:39770
computeDefaults @ main.js:39759
(anonymous) @ main.js:39791
getObjectDefaults @ main.js:39786
getDefaultBasedOnSchemaType @ main.js:39911
computeDefaults @ main.js:39754
(anonymous) @ main.js:39866
getArrayDefaults @ main.js:39865
getDefaultBasedOnSchemaType @ main.js:39914
computeDefaults @ main.js:39754
(anonymous) @ main.js:39791
getObjectDefaults @ main.js:39786
getDefaultBasedOnSchemaType @ main.js:39911
computeDefaults @ main.js:39754
getDefaultFormState @ main.js:39923
getDefaultFormState @ main.js:40250
getStateFromProps @ main.js:43694
getSnapshotBeforeUpdate @ main.js:43630
commitBeforeMutationEffectsOnFiber @ main.js:18748
commitBeforeMutationEffects_complete @ main.js:18708
commitBeforeMutationEffects_begin @ main.js:18699
commitBeforeMutationEffects @ main.js:18685
commitRootImpl @ main.js:21277
commitRoot @ main.js:21211
finishConcurrentRender @ main.js:20739
performConcurrentWorkOnRoot @ main.js:20652
workLoop @ main.js:2103
flushWork @ main.js:2082
performWorkUntilDeadline @ main.js:2290
main.js:39589 The "enumNames" property in the schema is deprecated and will be removed in a future major release. Use the "ui:enumNames" property in the uiSchema instead.
optionsList @ main.js:39589
ensureFormDataMatchingSchema @ main.js:39770
computeDefaults @ main.js:39759
(anonymous) @ main.js:39791
getObjectDefaults @ main.js:39786
getDefaultBasedOnSchemaType @ main.js:39911
computeDefaults @ main.js:39754
(anonymous) @ main.js:39866
getArrayDefaults @ main.js:39865
getDefaultBasedOnSchemaType @ main.js:39914
computeDefaults @ main.js:39754
(anonymous) @ main.js:39791
getObjectDefaults @ main.js:39786
getDefaultBasedOnSchemaType @ main.js:39911
computeDefaults @ main.js:39754
getDefaultFormState @ main.js:39923
getDefaultFormState @ main.js:40250
getStateFromProps @ main.js:43694
getSnapshotBeforeUpdate @ main.js:43630
commitBeforeMutationEffectsOnFiber @ main.js:18748
commitBeforeMutationEffects_complete @ main.js:18708
commitBeforeMutationEffects_begin @ main.js:18699
commitBeforeMutationEffects @ main.js:18685
commitRootImpl @ main.js:21277
commitRoot @ main.js:21211
finishConcurrentRender @ main.js:20739
performConcurrentWorkOnRoot @ main.js:20652
workLoop @ main.js:2103
flushWork @ main.js:2082
performWorkUntilDeadline @ main.js:2290
main.js:39589 The "enumNames" property in the schema is deprecated and will be removed in a future major release. Use the "ui:enumNames" property in the uiSchema instead.
optionsList @ main.js:39589
ensureFormDataMatchingSchema @ main.js:39770
computeDefaults @ main.js:39759
(anonymous) @ main.js:39791
getObjectDefaults @ main.js:39786
getDefaultBasedOnSchemaType @ main.js:39911
computeDefaults @ main.js:39754
(anonymous) @ main.js:39866
getArrayDefaults @ main.js:39865
getDefaultBasedOnSchemaType @ main.js:39914
computeDefaults @ main.js:39754
(anonymous) @ main.js:39791
getObjectDefaults @ main.js:39786
getDefaultBasedOnSchemaType @ main.js:39911
computeDefaults @ main.js:39754
getDefaultFormState @ main.js:39923
getDefaultFormState @ main.js:40250
getStateFromProps @ main.js:43694
getSnapshotBeforeUpdate @ main.js:43630
commitBeforeMutationEffectsOnFiber @ main.js:18748
commitBeforeMutationEffects_complete @ main.js:18708
commitBeforeMutationEffects_begin @ main.js:18699
commitBeforeMutationEffects @ main.js:18685
commitRootImpl @ main.js:21277
commitRoot @ main.js:21211
finishConcurrentRender @ main.js:20739
performConcurrentWorkOnRoot @ main.js:20652
workLoop @ main.js:2103
flushWork @ main.js:2082
performWorkUntilDeadline @ main.js:2290
main.js:39589 The "enumNames" property in the schema is deprecated and will be removed in a future major release. Use the "ui:enumNames" property in the uiSchema instead.
optionsList @ main.js:39589
ensureFormDataMatchingSchema @ main.js:39770
computeDefaults @ main.js:39759
(anonymous) @ main.js:39791
getObjectDefaults @ main.js:39786
getDefaultBasedOnSchemaType @ main.js:39911
computeDefaults @ main.js:39754
(anonymous) @ main.js:39866
getArrayDefaults @ main.js:39865
getDefaultBasedOnSchemaType @ main.js:39914
computeDefaults @ main.js:39754
(anonymous) @ main.js:39791
getObjectDefaults @ main.js:39786
getDefaultBasedOnSchemaType @ main.js:39911
computeDefaults @ main.js:39754
getDefaultFormState @ main.js:39923
getDefaultFormState @ main.js:40250
getStateFromProps @ main.js:43694
getSnapshotBeforeUpdate @ main.js:43630
commitBeforeMutationEffectsOnFiber @ main.js:18748
commitBeforeMutationEffects_complete @ main.js:18708
commitBeforeMutationEffects_begin @ main.js:18699
commitBeforeMutationEffects @ main.js:18685
commitRootImpl @ main.js:21277
commitRoot @ main.js:21211
finishConcurrentRender @ main.js:20739
performConcurrentWorkOnRoot @ main.js:20652
workLoop @ main.js:2103
flushWork @ main.js:2082
performWorkUntilDeadline @ main.js:2290
main.js:39589 The "enumNames" property in the schema is deprecated and will be removed in a future major release. Use the "ui:enumNames" property in the uiSchema instead.
optionsList @ main.js:39589
ensureFormDataMatchingSchema @ main.js:39770
computeDefaults @ main.js:39759
(anonymous) @ main.js:39791
getObjectDefaults @ main.js:39786
getDefaultBasedOnSchemaType @ main.js:39911
computeDefaults @ main.js:39754
(anonymous) @ main.js:39866
getArrayDefaults @ main.js:39865
getDefaultBasedOnSchemaType @ main.js:39914
computeDefaults @ main.js:39754
(anonymous) @ main.js:39791
getObjectDefaults @ main.js:39786
getDefaultBasedOnSchemaType @ main.js:39911
computeDefaults @ main.js:39754
getDefaultFormState @ main.js:39923
getDefaultFormState @ main.js:40250
getStateFromProps @ main.js:43694
getSnapshotBeforeUpdate @ main.js:43630
commitBeforeMutationEffectsOnFiber @ main.js:18748
commitBeforeMutationEffects_complete @ main.js:18708
commitBeforeMutationEffects_begin @ main.js:18699
commitBeforeMutationEffects @ main.js:18685
commitRootImpl @ main.js:21277
commitRoot @ main.js:21211
finishConcurrentRender @ main.js:20739
performConcurrentWorkOnRoot @ main.js:20652
workLoop @ main.js:2103
flushWork @ main.js:2082
performWorkUntilDeadline @ main.js:2290
main.js:39589 The "enumNames" property in the schema is deprecated and will be removed in a future major release. Use the "ui:enumNames" property in the uiSchema instead.
optionsList @ main.js:39589
ensureFormDataMatchingSchema @ main.js:39770
computeDefaults @ main.js:39759
(anonymous) @ main.js:39791
getObjectDefaults @ main.js:39786
getDefaultBasedOnSchemaType @ main.js:39911
computeDefaults @ main.js:39754
(anonymous) @ main.js:39866
getArrayDefaults @ main.js:39865
getDefaultBasedOnSchemaType @ main.js:39914
computeDefaults @ main.js:39754
(anonymous) @ main.js:39791
getObjectDefaults @ main.js:39786
getDefaultBasedOnSchemaType @ main.js:39911
computeDefaults @ main.js:39754
getDefaultFormState @ main.js:39923
getDefaultFormState @ main.js:40250
getStateFromProps @ main.js:43694
getSnapshotBeforeUpdate @ main.js:43630
commitBeforeMutationEffectsOnFiber @ main.js:18748
commitBeforeMutationEffects_complete @ main.js:18708
commitBeforeMutationEffects_begin @ main.js:18699
commitBeforeMutationEffects @ main.js:18685
commitRootImpl @ main.js:21277
commitRoot @ main.js:21211
finishConcurrentRender @ main.js:20739
performConcurrentWorkOnRoot @ main.js:20652
workLoop @ main.js:2103
flushWork @ main.js:2082
performWorkUntilDeadline @ main.js:2290
main.js:39589 The "enumNames" property in the schema is deprecated and will be removed in a future major release. Use the "ui:enumNames" property in the uiSchema instead.
optionsList @ main.js:39589
ensureFormDataMatchingSchema @ main.js:39770
computeDefaults @ main.js:39759
(anonymous) @ main.js:39791
getObjectDefaults @ main.js:39786
getDefaultBasedOnSchemaType @ main.js:39911
computeDefaults @ main.js:39754
(anonymous) @ main.js:39866
getArrayDefaults @ main.js:39865
getDefaultBasedOnSchemaType @ main.js:39914
computeDefaults @ main.js:39754
(anonymous) @ main.js:39791
getObjectDefaults @ main.js:39786
getDefaultBasedOnSchemaType @ main.js:39911
computeDefaults @ main.js:39754
getDefaultFormState @ main.js:39923
getDefaultFormState @ main.js:40250
getStateFromProps @ main.js:43694
getSnapshotBeforeUpdate @ main.js:43630
commitBeforeMutationEffectsOnFiber @ main.js:18748
commitBeforeMutationEffects_complete @ main.js:18708
commitBeforeMutationEffects_begin @ main.js:18699
commitBeforeMutationEffects @ main.js:18685
commitRootImpl @ main.js:21277
commitRoot @ main.js:21211
finishConcurrentRender @ main.js:20739
performConcurrentWorkOnRoot @ main.js:20652
workLoop @ main.js:2103
flushWork @ main.js:2082
performWorkUntilDeadline @ main.js:2290
main.js:39589 The "enumNames" property in the schema is deprecated and will be removed in a future major release. Use the "ui:enumNames" property in the uiSchema instead.
optionsList @ main.js:39589
ensureFormDataMatchingSchema @ main.js:39770
computeDefaults @ main.js:39759
(anonymous) @ main.js:39791
getObjectDefaults @ main.js:39786
getDefaultBasedOnSchemaType @ main.js:39911
computeDefaults @ main.js:39754
(anonymous) @ main.js:39866
getArrayDefaults @ main.js:39865
getDefaultBasedOnSchemaType @ main.js:39914
computeDefaults @ main.js:39754
(anonymous) @ main.js:39791
getObjectDefaults @ main.js:39786
getDefaultBasedOnSchemaType @ main.js:39911
computeDefaults @ main.js:39754
getDefaultFormState @ main.js:39923
getDefaultFormState @ main.js:40250
getStateFromProps @ main.js:43694
getSnapshotBeforeUpdate @ main.js:43630
commitBeforeMutationEffectsOnFiber @ main.js:18748
commitBeforeMutationEffects_complete @ main.js:18708
commitBeforeMutationEffects_begin @ main.js:18699
commitBeforeMutationEffects @ main.js:18685
commitRootImpl @ main.js:21277
commitRoot @ main.js:21211
finishConcurrentRender @ main.js:20739
performConcurrentWorkOnRoot @ main.js:20652
workLoop @ main.js:2103
flushWork @ main.js:2082
performWorkUntilDeadline @ main.js:2290
main.js:39589 The "enumNames" property in the schema is deprecated and will be removed in a future major release. Use the "ui:enumNames" property in the uiSchema instead.
optionsList @ main.js:39589
ensureFormDataMatchingSchema @ main.js:39770
computeDefaults @ main.js:39759
(anonymous) @ main.js:39791
getObjectDefaults @ main.js:39786
getDefaultBasedOnSchemaType @ main.js:39911
computeDefaults @ main.js:39754
(anonymous) @ main.js:39866
getArrayDefaults @ main.js:39865
getDefaultBasedOnSchemaType @ main.js:39914
computeDefaults @ main.js:39754
(anonymous) @ main.js:39791
getObjectDefaults @ main.js:39786
getDefaultBasedOnSchemaType @ main.js:39911
computeDefaults @ main.js:39754
getDefaultFormState @ main.js:39923
getDefaultFormState @ main.js:40250
getStateFromProps @ main.js:43694
getSnapshotBeforeUpdate @ main.js:43630
commitBeforeMutationEffectsOnFiber @ main.js:18748
commitBeforeMutationEffects_complete @ main.js:18708
commitBeforeMutationEffects_begin @ main.js:18699
commitBeforeMutationEffects @ main.js:18685
commitRootImpl @ main.js:21277
commitRoot @ main.js:21211
finishConcurrentRender @ main.js:20739
performConcurrentWorkOnRoot @ main.js:20652
workLoop @ main.js:2103
flushWork @ main.js:2082
performWorkUntilDeadline @ main.js:2290
main.js:39589 The "enumNames" property in the schema is deprecated and will be removed in a future major release. Use the "ui:enumNames" property in the uiSchema instead.
optionsList @ main.js:39589
ensureFormDataMatchingSchema @ main.js:39770
computeDefaults @ main.js:39759
(anonymous) @ main.js:39791
getObjectDefaults @ main.js:39786
getDefaultBasedOnSchemaType @ main.js:39911
computeDefaults @ main.js:39754
(anonymous) @ main.js:39866
getArrayDefaults @ main.js:39865
getDefaultBasedOnSchemaType @ main.js:39914
computeDefaults @ main.js:39754
(anonymous) @ main.js:39791
getObjectDefaults @ main.js:39786
getDefaultBasedOnSchemaType @ main.js:39911
computeDefaults @ main.js:39754
getDefaultFormState @ main.js:39923
getDefaultFormState @ main.js:40250
getStateFromProps @ main.js:43694
getSnapshotBeforeUpdate @ main.js:43630
commitBeforeMutationEffectsOnFiber @ main.js:18748
commitBeforeMutationEffects_complete @ main.js:18708
commitBeforeMutationEffects_begin @ main.js:18699
commitBeforeMutationEffects @ main.js:18685
commitRootImpl @ main.js:21277
commitRoot @ main.js:21211
finishConcurrentRender @ main.js:20739
performConcurrentWorkOnRoot @ main.js:20652
workLoop @ main.js:2103
flushWork @ main.js:2082
performWorkUntilDeadline @ main.js:2290
main.js:39589 The "enumNames" property in the schema is deprecated and will be removed in a future major release. Use the "ui:enumNames" property in the uiSchema instead.
optionsList @ main.js:39589
ensureFormDataMatchingSchema @ main.js:39770
computeDefaults @ main.js:39759
(anonymous) @ main.js:39791
getObjectDefaults @ main.js:39786
getDefaultBasedOnSchemaType @ main.js:39911
computeDefaults @ main.js:39754
(anonymous) @ main.js:39866
getArrayDefaults @ main.js:39865
getDefaultBasedOnSchemaType @ main.js:39914
computeDefaults @ main.js:39754
(anonymous) @ main.js:39791
getObjectDefaults @ main.js:39786
getDefaultBasedOnSchemaType @ main.js:39911
computeDefaults @ main.js:39754
getDefaultFormState @ main.js:39923
getDefaultFormState @ main.js:40250
getStateFromProps @ main.js:43694
getSnapshotBeforeUpdate @ main.js:43630
commitBeforeMutationEffectsOnFiber @ main.js:18748
commitBeforeMutationEffects_complete @ main.js:18708
commitBeforeMutationEffects_begin @ main.js:18699
commitBeforeMutationEffects @ main.js:18685
commitRootImpl @ main.js:21277
commitRoot @ main.js:21211
finishConcurrentRender @ main.js:20739
performConcurrentWorkOnRoot @ main.js:20652
workLoop @ main.js:2103
flushWork @ main.js:2082
performWorkUntilDeadline @ main.js:2290
main.js:39589 The "enumNames" property in the schema is deprecated and will be removed in a future major release. Use the "ui:enumNames" property in the uiSchema instead.
optionsList @ main.js:39589
ensureFormDataMatchingSchema @ main.js:39770
computeDefaults @ main.js:39759
(anonymous) @ main.js:39791
getObjectDefaults @ main.js:39786
getDefaultBasedOnSchemaType @ main.js:39911
computeDefaults @ main.js:39754
(anonymous) @ main.js:39866
getArrayDefaults @ main.js:39865
getDefaultBasedOnSchemaType @ main.js:39914
computeDefaults @ main.js:39754
(anonymous) @ main.js:39791
getObjectDefaults @ main.js:39786
getDefaultBasedOnSchemaType @ main.js:39911
computeDefaults @ main.js:39754
getDefaultFormState @ main.js:39923
getDefaultFormState @ main.js:40250
getStateFromProps @ main.js:43694
getSnapshotBeforeUpdate @ main.js:43630
commitBeforeMutationEffectsOnFiber @ main.js:18748
commitBeforeMutationEffects_complete @ main.js:18708
commitBeforeMutationEffects_begin @ main.js:18699
commitBeforeMutationEffects @ main.js:18685
commitRootImpl @ main.js:21277
commitRoot @ main.js:21211
finishConcurrentRender @ main.js:20739
performConcurrentWorkOnRoot @ main.js:20652
workLoop @ main.js:2103
flushWork @ main.js:2082
performWorkUntilDeadline @ main.js:2290
main.js:39589 The "enumNames" property in the schema is deprecated and will be removed in a future major release. Use the "ui:enumNames" property in the uiSchema instead.
optionsList @ main.js:39589
ensureFormDataMatchingSchema @ main.js:39770
computeDefaults @ main.js:39759
(anonymous) @ main.js:39791
getObjectDefaults @ main.js:39786
getDefaultBasedOnSchemaType @ main.js:39911
computeDefaults @ main.js:39754
(anonymous) @ main.js:39866
getArrayDefaults @ main.js:39865
getDefaultBasedOnSchemaType @ main.js:39914
computeDefaults @ main.js:39754
(anonymous) @ main.js:39791
getObjectDefaults @ main.js:39786
getDefaultBasedOnSchemaType @ main.js:39911
computeDefaults @ main.js:39754
getDefaultFormState @ main.js:39923
getDefaultFormState @ main.js:40250
getStateFromProps @ main.js:43694
getSnapshotBeforeUpdate @ main.js:43630
commitBeforeMutationEffectsOnFiber @ main.js:18748
commitBeforeMutationEffects_complete @ main.js:18708
commitBeforeMutationEffects_begin @ main.js:18699
commitBeforeMutationEffects @ main.js:18685
commitRootImpl @ main.js:21277
commitRoot @ main.js:21211
finishConcurrentRender @ main.js:20739
performConcurrentWorkOnRoot @ main.js:20652
workLoop @ main.js:2103
flushWork @ main.js:2082
performWorkUntilDeadline @ main.js:2290
main.js:39589 The "enumNames" property in the schema is deprecated and will be removed in a future major release. Use the "ui:enumNames" property in the uiSchema instead.
optionsList @ main.js:39589
ensureFormDataMatchingSchema @ main.js:39770
computeDefaults @ main.js:39759
(anonymous) @ main.js:39791
getObjectDefaults @ main.js:39786
getDefaultBasedOnSchemaType @ main.js:39911
computeDefaults @ main.js:39754
(anonymous) @ main.js:39866
getArrayDefaults @ main.js:39865
getDefaultBasedOnSchemaType @ main.js:39914
computeDefaults @ main.js:39754
(anonymous) @ main.js:39791
getObjectDefaults @ main.js:39786
getDefaultBasedOnSchemaType @ main.js:39911
computeDefaults @ main.js:39754
getDefaultFormState @ main.js:39923
getDefaultFormState @ main.js:40250
getStateFromProps @ main.js:43694
getSnapshotBeforeUpdate @ main.js:43630
commitBeforeMutationEffectsOnFiber @ main.js:18748
commitBeforeMutationEffects_complete @ main.js:18708
commitBeforeMutationEffects_begin @ main.js:18699
commitBeforeMutationEffects @ main.js:18685
commitRootImpl @ main.js:21277
commitRoot @ main.js:21211
finishConcurrentRender @ main.js:20739
performConcurrentWorkOnRoot @ main.js:20652
workLoop @ main.js:2103
flushWork @ main.js:2082
performWorkUntilDeadline @ main.js:2290
main.js:39589 The "enumNames" property in the schema is deprecated and will be removed in a future major release. Use the "ui:enumNames" property in the uiSchema instead.
optionsList @ main.js:39589
ensureFormDataMatchingSchema @ main.js:39770
computeDefaults @ main.js:39759
(anonymous) @ main.js:39791
getObjectDefaults @ main.js:39786
getDefaultBasedOnSchemaType @ main.js:39911
computeDefaults @ main.js:39754
(anonymous) @ main.js:39866
getArrayDefaults @ main.js:39865
getDefaultBasedOnSchemaType @ main.js:39914
computeDefaults @ main.js:39754
(anonymous) @ main.js:39791
getObjectDefaults @ main.js:39786
getDefaultBasedOnSchemaType @ main.js:39911
computeDefaults @ main.js:39754
getDefaultFormState @ main.js:39923
getDefaultFormState @ main.js:40250
getStateFromProps @ main.js:43694
getSnapshotBeforeUpdate @ main.js:43630
commitBeforeMutationEffectsOnFiber @ main.js:18748
commitBeforeMutationEffects_complete @ main.js:18708
commitBeforeMutationEffects_begin @ main.js:18699
commitBeforeMutationEffects @ main.js:18685
commitRootImpl @ main.js:21277
commitRoot @ main.js:21211
finishConcurrentRender @ main.js:20739
performConcurrentWorkOnRoot @ main.js:20652
workLoop @ main.js:2103
flushWork @ main.js:2082
performWorkUntilDeadline @ main.js:2290
main.js:39589 The "enumNames" property in the schema is deprecated and will be removed in a future major release. Use the "ui:enumNames" property in the uiSchema instead.
optionsList @ main.js:39589
ensureFormDataMatchingSchema @ main.js:39770
computeDefaults @ main.js:39759
(anonymous) @ main.js:39791
getObjectDefaults @ main.js:39786
getDefaultBasedOnSchemaType @ main.js:39911
computeDefaults @ main.js:39754
(anonymous) @ main.js:39866
getArrayDefaults @ main.js:39865
getDefaultBasedOnSchemaType @ main.js:39914
computeDefaults @ main.js:39754
(anonymous) @ main.js:39791
getObjectDefaults @ main.js:39786
getDefaultBasedOnSchemaType @ main.js:39911
computeDefaults @ main.js:39754
getDefaultFormState @ main.js:39923
getDefaultFormState @ main.js:40250
getStateFromProps @ main.js:43694
getSnapshotBeforeUpdate @ main.js:43630
commitBeforeMutationEffectsOnFiber @ main.js:18748
commitBeforeMutationEffects_complete @ main.js:18708
commitBeforeMutationEffects_begin @ main.js:18699
commitBeforeMutationEffects @ main.js:18685
commitRootImpl @ main.js:21277
commitRoot @ main.js:21211
finishConcurrentRender @ main.js:20739
performConcurrentWorkOnRoot @ main.js:20652
workLoop @ main.js:2103
flushWork @ main.js:2082
performWorkUntilDeadline @ main.js:2290
main.js:39589 The "enumNames" property in the schema is deprecated and will be removed in a future major release. Use the "ui:enumNames" property in the uiSchema instead.
optionsList @ main.js:39589
StringField @ main.js:42830
renderWithHooks @ main.js:13474
updateFunctionComponent @ main.js:16508
beginWork @ main.js:17850
beginWork$1 @ main.js:21687
performUnitOfWork @ main.js:21135
workLoopSync @ main.js:21071
renderRootSync @ main.js:21050
performSyncWorkOnRoot @ main.js:20808
flushSyncCallbacks @ main.js:11041
commitRootImpl @ main.js:21366
commitRoot @ main.js:21211
finishConcurrentRender @ main.js:20739
performConcurrentWorkOnRoot @ main.js:20652
workLoop @ main.js:2103
flushWork @ main.js:2082
performWorkUntilDeadline @ main.js:2290
console.ts:139 [Extension Host] [2025-11-23 13:19:29:683] [Atlassian] Window is not focused, skipping notification check [] (at console.<anonymous> (file:///c:/Users/pchandle/AppData/Local/Programs/Microsoft%20VS%20Code/resources/app/out/vs/workbench/api/node/extensionHostProcess.js:212:29517))
